{"logTime": "1204/172407", "correlationVector":"+2kT3bBP4uc+PfKe3za5O+.1","action":"SyncServerConnectionManagerRequest", "result":"SYNC_SERVER_OK", "context":{"environment":"Prod_SoutheastAsia_000j", "migrationStage":"NotStarted", "server":"GENERAL03000006"}}
{"logTime": "1204/172407", "correlationVector":"/jdr6tm6IUTS7BpPJT6NtY","action":"SyncServerConnectionManagerRequest", "result":"SYNC_SERVER_OK", "context":{"environment":"", "migrationStage":"", "server":""}}
{"logTime": "1204/172407", "correlationVector":"+2kT3bBP4uc+PfKe3za5O+","action":"Initial GetUpdates", "result":"", "context":Reason: NEW_CLIENT. cV=+2kT3bBP4uc+PfKe3za5O+}
{"logTime": "1204/172407", "correlationVector":"+2kT3bBP4uc+PfKe3za5O+.2","action":"GetUpdates Response", "result":"Success", "context":Received 1 update(s). cV=+2kT3bBP4uc+PfKe3za5O+.0;server=GENERAL03000006;cloudType=Consumer;environment=Prod_SoutheastAsia_000j;migrationStage=NotStarted}
{"logTime": "1204/172407", "correlationVector":"khSMOH0s2C2RoiYzTA5gTL","action":"Initial GetUpdates", "result":"", "context":Reason: NEWLY_SUPPORTED_DATATYPE. cV=khSMOH0s2C2RoiYzTA5gTL}
{"logTime": "1204/172408", "correlationVector":"khSMOH0s2C2RoiYzTA5gTL.1","action":"SyncServerConnectionManagerRequest", "result":"SYNC_SERVER_OK", "context":{"environment":"Prod_SoutheastAsia_000j", "migrationStage":"NotStarted", "server":"GENERAL0300000I"}}
{"logTime": "1204/172408", "correlationVector":"khSMOH0s2C2RoiYzTA5gTL.2","action":"GetUpdates Response", "result":"Success", "context":Received 146 update(s). cV=khSMOH0s2C2RoiYzTA5gTL.0;server=GENERAL0300000I;cloudType=Consumer;environment=Prod_SoutheastAsia_000j;migrationStage=NotStarted}
{"logTime": "1204/172408", "correlationVector":"pBCu64g2LGvCJMgGsUHOHF","action":"Initial GetUpdates", "result":"", "context":Reason: NEWLY_SUPPORTED_DATATYPE. cV=pBCu64g2LGvCJMgGsUHOHF}
{"logTime": "1204/172408", "correlationVector":"pBCu64g2LGvCJMgGsUHOHF.1","action":"SyncServerConnectionManagerRequest", "result":"SYNC_SERVER_OK", "context":{"environment":"Prod_SoutheastAsia_000j", "migrationStage":"NotStarted", "server":"GENERAL03000013"}}
{"logTime": "1204/172408", "correlationVector":"pBCu64g2LGvCJMgGsUHOHF.2","action":"GetUpdates Response", "result":"Success", "context":Received 6 update(s). cV=pBCu64g2LGvCJMgGsUHOHF.0;server=GENERAL03000013;cloudType=Consumer;environment=Prod_SoutheastAsia_000j;migrationStage=NotStarted}
{"logTime": "1204/172408", "correlationVector":"sh1rMKBqBGG6pUL1C1XOxC","action":"Initial GetUpdates", "result":"", "context":Reason: NEWLY_SUPPORTED_DATATYPE. cV=sh1rMKBqBGG6pUL1C1XOxC}
{"logTime": "1204/172408", "correlationVector":"sh1rMKBqBGG6pUL1C1XOxC.1","action":"SyncServerConnectionManagerRequest", "result":"SYNC_SERVER_OK", "context":{"environment":"Prod_SoutheastAsia_000j", "migrationStage":"NotStarted", "server":"GENERAL03000006"}}
{"logTime": "1204/172408", "correlationVector":"sh1rMKBqBGG6pUL1C1XOxC.2","action":"GetUpdates", "result":"DeleteReceived", "context":{"id":"4e0b2547-345c-4b50-9d3d-673daff28265", "isDeleted:":"true", "version":"1726220693189"}}
{"logTime": "1204/172408", "correlationVector":"sh1rMKBqBGG6pUL1C1XOxC.3","action":"GetUpdates", "result":"DeleteReceived", "context":{"id":"421bb579-cc98-484e-a6b2-5c2531b62f77", "isDeleted:":"true", "version":"1730439835177"}}
{"logTime": "1204/172408", "correlationVector":"sh1rMKBqBGG6pUL1C1XOxC.4","action":"GetUpdates", "result":"DeleteReceived", "context":{"id":"21d602f1-b674-42fe-8ffb-7426b2d4929a", "isDeleted:":"true", "version":"1730440642943"}}
{"logTime": "1204/172408", "correlationVector":"sh1rMKBqBGG6pUL1C1XOxC.5","action":"GetUpdates", "result":"DeleteReceived", "context":{"id":"5aeb2062-9de7-422f-8a1f-29c1b4bac872", "isDeleted:":"true", "version":"1730735845822"}}
{"logTime": "1204/172408", "correlationVector":"sh1rMKBqBGG6pUL1C1XOxC.6","action":"GetUpdates", "result":"DeleteReceived", "context":{"id":"52b12f4b-ba0a-4ac1-bc83-074eef662be0", "isDeleted:":"true", "version":"1730735845823"}}
{"logTime": "1204/172408", "correlationVector":"sh1rMKBqBGG6pUL1C1XOxC.7","action":"GetUpdates", "result":"DeleteReceived", "context":{"id":"923cd9c2-63d8-479d-a9e2-5c147a3e33f7", "isDeleted:":"true", "version":"1730981366093"}}
{"logTime": "1204/172408", "correlationVector":"sh1rMKBqBGG6pUL1C1XOxC.8","action":"GetUpdates", "result":"DeleteReceived", "context":{"id":"5defcb8d-e4bd-4976-8b99-c97c44149071", "isDeleted:":"true", "version":"1731481625480"}}
{"logTime": "1204/172408", "correlationVector":"sh1rMKBqBGG6pUL1C1XOxC.9","action":"GetUpdates", "result":"DeleteReceived", "context":{"id":"c00688db-020c-4361-9062-efe4e460d627", "isDeleted:":"true", "version":"1732345211891"}}
{"logTime": "1204/172408", "correlationVector":"sh1rMKBqBGG6pUL1C1XOxC.10","action":"GetUpdates", "result":"DeleteReceived", "context":{"id":"2c22c45e-32e6-4d75-9175-611355fb74ad", "isDeleted:":"true", "version":"1732429280426"}}
{"logTime": "1204/172408", "correlationVector":"sh1rMKBqBGG6pUL1C1XOxC.11","action":"GetUpdates", "result":"DeleteReceived", "context":{"id":"8aeea3f7-38cd-4438-8c49-f449ee67e05d", "isDeleted:":"true", "version":"1732429806396"}}
{"logTime": "1204/172408", "correlationVector":"sh1rMKBqBGG6pUL1C1XOxC.12","action":"GetUpdates", "result":"DeleteReceived", "context":{"id":"d62979eb-2fca-4453-b25d-67c302ff96bc", "isDeleted:":"true", "version":"1732431326471"}}
{"logTime": "1204/172408", "correlationVector":"sh1rMKBqBGG6pUL1C1XOxC.13","action":"GetUpdates", "result":"DeleteReceived", "context":{"id":"b5096796-c259-4c55-acea-d9887a840201", "isDeleted:":"true", "version":"1732466940904"}}
{"logTime": "1204/172408", "correlationVector":"sh1rMKBqBGG6pUL1C1XOxC.14","action":"GetUpdates", "result":"DeleteReceived", "context":{"id":"59786c36-fdec-4859-8459-821d99754d05", "isDeleted:":"true", "version":"1732532356680"}}
{"logTime": "1204/172408", "correlationVector":"sh1rMKBqBGG6pUL1C1XOxC.15","action":"GetUpdates", "result":"DeleteReceived", "context":{"id":"1ca9980b-7626-4ab1-95fd-cef1f6795cd4", "isDeleted:":"true", "version":"1732548710100"}}
{"logTime": "1204/172408", "correlationVector":"sh1rMKBqBGG6pUL1C1XOxC.16","action":"GetUpdates", "result":"DeleteReceived", "context":{"id":"de28c4a0-df55-46fb-ae80-ad0a319a37d5", "isDeleted:":"true", "version":"1733219814187"}}
{"logTime": "1204/172408", "correlationVector":"sh1rMKBqBGG6pUL1C1XOxC.17","action":"GetUpdates", "result":"DeleteReceived", "context":{"id":"e78c4088-d6f7-4c68-bb4d-bcfd832b73a9", "isDeleted:":"true", "version":"1733219814188"}}
{"logTime": "1204/172408", "correlationVector":"sh1rMKBqBGG6pUL1C1XOxC.18","action":"GetUpdates", "result":"DeleteReceived", "context":{"id":"eb8447a1-5992-4f47-bb61-7fdf378af8d1", "isDeleted:":"true", "version":"1733219814191"}}
{"logTime": "1204/172408", "correlationVector":"sh1rMKBqBGG6pUL1C1XOxC.19","action":"GetUpdates Response", "result":"Success", "context":Received 51 update(s). cV=sh1rMKBqBGG6pUL1C1XOxC.0;server=GENERAL03000006;cloudType=Consumer;environment=Prod_SoutheastAsia_000j;migrationStage=NotStarted}
{"logTime": "1204/172409", "correlationVector":"JLctwWuROMRrCPY1OGRqHA","action":"Normal GetUpdate request", "result":"", "context":cV=JLctwWuROMRrCPY1OGRqHA
Nudged types: Sessions, Device Info, User Consents
Refresh requested types: Bookmarks, Preferences, Passwords, Autofill Profiles, Autofill, Typed URLs, Extensions, Sessions, Extension settings, History Delete Directives, Device Info, User Consents, Send Tab To Self, Web Apps, Collection, Edge E Drop, Edge Hub App Usage, Edge Tab Group, Edge Wallet, Encryption Keys}
{"logTime": "1204/172409", "correlationVector":"JLctwWuROMRrCPY1OGRqHA.1","action":"SyncServerConnectionManagerRequest", "result":"SYNC_SERVER_OK", "context":{"environment":"Prod_SoutheastAsia_000j", "migrationStage":"NotStarted", "server":"GENERAL0100001L"}}
{"logTime": "1204/172409", "correlationVector":"JLctwWuROMRrCPY1OGRqHA.2","action":"GetUpdates Response", "result":"Success", "context":Received 0 update(s). cV=JLctwWuROMRrCPY1OGRqHA.0;server=GENERAL0100001L;cloudType=Consumer;environment=Prod_SoutheastAsia_000j;migrationStage=NotStarted}
{"logTime": "1204/172409", "correlationVector":"WbLDdB25cThyaMPQFVl9lo","action":"DoCompareDataConsistency requsted types: ", "result":"Bookmarks, Preferences, Passwords, Typed URLs, Extensions, Extension settings, History Delete Directives, Send Tab To Self, Web Apps, Collection, Edge E Drop, Edge Tab Group, Edge Wallet, Encryption Keys"}
{"logTime": "1204/172409", "correlationVector":"WbLDdB25cThyaMPQFVl9lo.0","action":"CompareDataConsistency result: ", "result":"Compare result: Encryption Keys is consistent. local entities count is: 1 local entities hash is: kx+apMvvaNiORMcE6l095PrNnKk="}
{"logTime": "1204/172409", "correlationVector":"WbLDdB25cThyaMPQFVl9lo.1","action":"CompareDataConsistency result: ", "result":"Compare result: Bookmarks is consistent. local entities count is: 4 local entities hash is: Y7Fyw7d6ybx5ohaA02J/0UXgcAk="}
{"logTime": "1204/172409", "correlationVector":"WbLDdB25cThyaMPQFVl9lo.2","action":"CompareDataConsistency result: ", "result":"Compare result: Preferences is consistent. local entities count is: 69 local entities hash is: Snq1cp1iu5ZLZGZAnXXiRC2tTN0="}
{"logTime": "1204/172409", "correlationVector":"WbLDdB25cThyaMPQFVl9lo.3","action":"CompareDataConsistency result: ", "result":"Server did not send this Typed URLs local entities count is: 0 local entities hash is: "}
{"logTime": "1204/172409", "correlationVector":"WbLDdB25cThyaMPQFVl9lo.4","action":"CompareDataConsistency result: ", "result":"Compare result: Extensions is consistent. local entities count is: 0 local entities hash is: "}
{"logTime": "1204/172409", "correlationVector":"WbLDdB25cThyaMPQFVl9lo.5","action":"CompareDataConsistency result: ", "result":"Compare result: Extension settings is consistent. local entities count is: 0 local entities hash is: "}
{"logTime": "1204/172409", "correlationVector":"WbLDdB25cThyaMPQFVl9lo.6","action":"CompareDataConsistency result: ", "result":"Compare result: History Delete Directives is consistent. local entities count is: 0 local entities hash is: "}
{"logTime": "1204/172409", "correlationVector":"WbLDdB25cThyaMPQFVl9lo.7","action":"CompareDataConsistency result: ", "result":"Server did not send this Send Tab To Self local entities count is: 0 local entities hash is: "}
{"logTime": "1204/172409", "correlationVector":"WbLDdB25cThyaMPQFVl9lo.8","action":"CompareDataConsistency result: ", "result":"Compare result: Web Apps is consistent. local entities count is: 0 local entities hash is: "}
{"logTime": "1204/172409", "correlationVector":"WbLDdB25cThyaMPQFVl9lo.9","action":"CompareDataConsistency result: ", "result":"Compare result: Collection is consistent. local entities count is: 0 local entities hash is: "}
{"logTime": "1204/172409", "correlationVector":"WbLDdB25cThyaMPQFVl9lo.10","action":"CompareDataConsistency result: ", "result":"Compare result: Edge E Drop is consistent. local entities count is: 0 local entities hash is: "}
{"logTime": "1204/172409", "correlationVector":"WbLDdB25cThyaMPQFVl9lo.11","action":"CompareDataConsistency result: ", "result":"Compare result: Edge Tab Group is consistent. local entities count is: 0 local entities hash is: "}
{"logTime": "1204/172409", "correlationVector":"WbLDdB25cThyaMPQFVl9lo.12","action":"CompareDataConsistency result: ", "result":"Compare result: Edge Wallet is consistent. local entities count is: 0 local entities hash is: "}
{"logTime": "1204/172409", "correlationVector":"WbLDdB25cThyaMPQFVl9lo.13","action":"CompareDataConsistency result: ", "result":"Compare result: Passwords is consistent. local entities count is: 4 local entities hash is: az1JOcnqq8H+4nWozjglxh4bFzY="}
{"logTime": "1204/172409", "correlationVector":"PlWB1CVpJlQDcMvLfeLAEY","action":"Commit Request", "result":"", "context":Item count: 4
Contributing types: Sessions, Device Info, User Consents}
{"logTime": "1204/172410", "correlationVector":"PlWB1CVpJlQDcMvLfeLAEY.1","action":"SyncServerConnectionManagerRequest", "result":"SYNC_SERVER_OK", "context":{"environment":"Prod_SoutheastAsia_000j", "migrationStage":"NotStarted", "server":"GENERAL03000027"}}
{"logTime": "1204/172410", "correlationVector":"PlWB1CVpJlQDcMvLfeLAEY.2","action":"Commit Response", "result":"Success", "context":Result: Success. cV=PlWB1CVpJlQDcMvLfeLAEY.0;server=GENERAL03000027;cloudType=Consumer;environment=Prod_SoutheastAsia_000j;migrationStage=NotStarted}
{"logTime": "1204/172410", "correlationVector":"","action":"DIAGNOSTIC_REQUEST|v1/diagnosticData/Diagnostic.SendCheckResult()|SUCCESS", "result":""}
{"logTime": "1204/172410", "correlationVector":"ANXPZIK+JF4NopaglKKy2V","action":"Commit Request", "result":"", "context":Item count: 2
Contributing types: Edge Hub App Usage}
{"logTime": "1204/172411", "correlationVector":"ANXPZIK+JF4NopaglKKy2V.1","action":"SyncServerConnectionManagerRequest", "result":"SYNC_SERVER_OK", "context":{"environment":"Prod_SoutheastAsia_000j", "migrationStage":"NotStarted", "server":"GENERAL03000006"}}
{"logTime": "1204/172411", "correlationVector":"ANXPZIK+JF4NopaglKKy2V.2","action":"Commit Response", "result":"Success", "context":Result: Success. cV=ANXPZIK+JF4NopaglKKy2V.0;server=GENERAL03000006;cloudType=Consumer;environment=Prod_SoutheastAsia_000j;migrationStage=NotStarted}
{"logTime": "1204/172452", "correlationVector":"IhJuD4TFTAiikk+OdAqyLg","action":"Commit Request", "result":"", "context":Item count: 1
Contributing types: User Consents}
{"logTime": "1204/172453", "correlationVector":"IhJuD4TFTAiikk+OdAqyLg.1","action":"SyncServerConnectionManagerRequest", "result":"SYNC_SERVER_OK", "context":{"environment":"Prod_SoutheastAsia_000j", "migrationStage":"NotStarted", "server":"GENERAL03000000"}}
{"logTime": "1204/172453", "correlationVector":"IhJuD4TFTAiikk+OdAqyLg.2","action":"Commit Response", "result":"Success", "context":Result: Success. cV=IhJuD4TFTAiikk+OdAqyLg.0;server=GENERAL03000000;cloudType=Consumer;environment=Prod_SoutheastAsia_000j;migrationStage=NotStarted}
